2024-04-30T06:45:56.051+07:00  INFO 22454 --- [spring-boot-cqrs-demo] [restartedMain] i.m.h.s.SpringBootCqrsDemoApplication    : Starting SpringBootCqrsDemoApplication using Java 21 with PID 22454 (/Users/hendisantika/IdeaProjects/spring-boot-cqrs-demo/target/classes started by hendisantika in /Users/hendisantika/IdeaProjects/spring-boot-cqrs-demo)
2024-04-30T06:45:56.052+07:00  INFO 22454 --- [spring-boot-cqrs-demo] [restartedMain] i.m.h.s.SpringBootCqrsDemoApplication    : No active profile set, falling back to 1 default profile: "default"
2024-04-30T06:45:56.072+07:00  INFO 22454 --- [spring-boot-cqrs-demo] [restartedMain] .e.DevToolsPropertyDefaultsPostProcessor : Devtools property defaults active! Set 'spring.devtools.add-properties' to 'false' to disable
2024-04-30T06:45:56.073+07:00  INFO 22454 --- [spring-boot-cqrs-demo] [restartedMain] .e.DevToolsPropertyDefaultsPostProcessor : For additional web related logging consider setting the 'logging.level.web' property to 'DEBUG'
2024-04-30T06:45:56.082+07:00  INFO 22454 --- [spring-boot-cqrs-demo] [restartedMain] .s.b.d.c.l.DockerComposeLifecycleManager : Using Docker Compose file '/Users/hendisantika/IdeaProjects/spring-boot-cqrs-demo/compose.yaml'
2024-04-30T06:45:56.829+07:00  INFO 22454 --- [spring-boot-cqrs-demo] [OutputReader-stderr] o.s.boot.docker.compose.core.DockerCli   :  Network spring-boot-cqrs-demo_default  Creating
2024-04-30T06:45:56.879+07:00  INFO 22454 --- [spring-boot-cqrs-demo] [OutputReader-stderr] o.s.boot.docker.compose.core.DockerCli   :  Network spring-boot-cqrs-demo_default  Created
2024-04-30T06:45:56.880+07:00  INFO 22454 --- [spring-boot-cqrs-demo] [OutputReader-stderr] o.s.boot.docker.compose.core.DockerCli   :  Container spring-boot-cqrs-demo-postgres-1  Creating
2024-04-30T06:45:56.961+07:00  INFO 22454 --- [spring-boot-cqrs-demo] [OutputReader-stderr] o.s.boot.docker.compose.core.DockerCli   :  Container spring-boot-cqrs-demo-postgres-1  Created
2024-04-30T06:45:56.964+07:00  INFO 22454 --- [spring-boot-cqrs-demo] [OutputReader-stderr] o.s.boot.docker.compose.core.DockerCli   :  Container spring-boot-cqrs-demo-postgres-1  Starting
2024-04-30T06:45:57.067+07:00  INFO 22454 --- [spring-boot-cqrs-demo] [OutputReader-stderr] o.s.boot.docker.compose.core.DockerCli   : Error response from daemon: driver failed programming external connectivity on endpoint spring-boot-cqrs-demo-postgres-1 (5bb20e39d41eba3bb143fe7fd37e77e9424601c5d0995d6fe5a5ea34c5766b13): Bind for 0.0.0.0:5433 failed: port is already allocated
2024-04-30T06:45:57.086+07:00 ERROR 22454 --- [spring-boot-cqrs-demo] [restartedMain] o.s.boot.SpringApplication               : Application run failed

org.springframework.boot.docker.compose.core.ProcessExitException: 'docker compose --file /Users/hendisantika/IdeaProjects/spring-boot-cqrs-demo/compose.yaml --ansi never up --no-color --detach --wait' failed with exit code 1.

Stdout:


Stderr:
 Network spring-boot-cqrs-demo_default  Creating
 Network spring-boot-cqrs-demo_default  Created
 Container spring-boot-cqrs-demo-postgres-1  Creating
 Container spring-boot-cqrs-demo-postgres-1  Created
 Container spring-boot-cqrs-demo-postgres-1  Starting
Error response from daemon: driver failed programming external connectivity on endpoint spring-boot-cqrs-demo-postgres-1 (5bb20e39d41eba3bb143fe7fd37e77e9424601c5d0995d6fe5a5ea34c5766b13): Bind for 0.0.0.0:5433 failed: port is already allocated

	at org.springframework.boot.docker.compose.core.ProcessRunner.run(ProcessRunner.java:96) ~[spring-boot-docker-compose-3.2.5.jar:3.2.5]
	at org.springframework.boot.docker.compose.core.DockerCli.run(DockerCli.java:80) ~[spring-boot-docker-compose-3.2.5.jar:3.2.5]
	at org.springframework.boot.docker.compose.core.DefaultDockerCompose.up(DefaultDockerCompose.java:51) ~[spring-boot-docker-compose-3.2.5.jar:3.2.5]
	at org.springframework.boot.docker.compose.lifecycle.StartCommand.applyTo(StartCommand.java:51) ~[spring-boot-docker-compose-3.2.5.jar:3.2.5]
	at org.springframework.boot.docker.compose.lifecycle.DockerComposeLifecycleManager.start(DockerComposeLifecycleManager.java:123) ~[spring-boot-docker-compose-3.2.5.jar:3.2.5]
	at org.springframework.boot.docker.compose.lifecycle.DockerComposeListener.onApplicationEvent(DockerComposeListener.java:53) ~[spring-boot-docker-compose-3.2.5.jar:3.2.5]
	at org.springframework.boot.docker.compose.lifecycle.DockerComposeListener.onApplicationEvent(DockerComposeListener.java:35) ~[spring-boot-docker-compose-3.2.5.jar:3.2.5]
	at org.springframework.context.event.SimpleApplicationEventMulticaster.doInvokeListener(SimpleApplicationEventMulticaster.java:185) ~[spring-context-6.1.6.jar:6.1.6]
	at org.springframework.context.event.SimpleApplicationEventMulticaster.invokeListener(SimpleApplicationEventMulticaster.java:178) ~[spring-context-6.1.6.jar:6.1.6]
	at org.springframework.context.event.SimpleApplicationEventMulticaster.multicastEvent(SimpleApplicationEventMulticaster.java:156) ~[spring-context-6.1.6.jar:6.1.6]
	at org.springframework.context.event.SimpleApplicationEventMulticaster.multicastEvent(SimpleApplicationEventMulticaster.java:138) ~[spring-context-6.1.6.jar:6.1.6]
	at org.springframework.boot.context.event.EventPublishingRunListener.multicastInitialEvent(EventPublishingRunListener.java:136) ~[spring-boot-3.2.5.jar:3.2.5]
	at org.springframework.boot.context.event.EventPublishingRunListener.contextLoaded(EventPublishingRunListener.java:98) ~[spring-boot-3.2.5.jar:3.2.5]
	at org.springframework.boot.SpringApplicationRunListeners.lambda$contextLoaded$4(SpringApplicationRunListeners.java:72) ~[spring-boot-3.2.5.jar:3.2.5]
	at java.base/java.lang.Iterable.forEach(Iterable.java:75) ~[na:na]
	at org.springframework.boot.SpringApplicationRunListeners.doWithListeners(SpringApplicationRunListeners.java:118) ~[spring-boot-3.2.5.jar:3.2.5]
	at org.springframework.boot.SpringApplicationRunListeners.doWithListeners(SpringApplicationRunListeners.java:112) ~[spring-boot-3.2.5.jar:3.2.5]
	at org.springframework.boot.SpringApplicationRunListeners.contextLoaded(SpringApplicationRunListeners.java:72) ~[spring-boot-3.2.5.jar:3.2.5]
	at org.springframework.boot.SpringApplication.prepareContext(SpringApplication.java:432) ~[spring-boot-3.2.5.jar:3.2.5]
	at org.springframework.boot.SpringApplication.run(SpringApplication.java:333) ~[spring-boot-3.2.5.jar:3.2.5]
	at org.springframework.boot.SpringApplication.run(SpringApplication.java:1354) ~[spring-boot-3.2.5.jar:3.2.5]
	at org.springframework.boot.SpringApplication.run(SpringApplication.java:1343) ~[spring-boot-3.2.5.jar:3.2.5]
	at id.my.hendisantika.springbootcqrsdemo.SpringBootCqrsDemoApplication.main(SpringBootCqrsDemoApplication.java:10) ~[classes/:na]
	at java.base/jdk.internal.reflect.DirectMethodHandleAccessor.invoke(DirectMethodHandleAccessor.java:103) ~[na:na]
	at java.base/java.lang.reflect.Method.invoke(Method.java:580) ~[na:na]
	at org.springframework.boot.devtools.restart.RestartLauncher.run(RestartLauncher.java:50) ~[spring-boot-devtools-3.2.5.jar:3.2.5]

2024-04-30T06:46:47.098+07:00  INFO 22519 --- [spring-boot-cqrs-demo] [restartedMain] i.m.h.s.SpringBootCqrsDemoApplication    : Starting SpringBootCqrsDemoApplication using Java 21 with PID 22519 (/Users/hendisantika/IdeaProjects/spring-boot-cqrs-demo/target/classes started by hendisantika in /Users/hendisantika/IdeaProjects/spring-boot-cqrs-demo)
2024-04-30T06:46:47.099+07:00  INFO 22519 --- [spring-boot-cqrs-demo] [restartedMain] i.m.h.s.SpringBootCqrsDemoApplication    : No active profile set, falling back to 1 default profile: "default"
2024-04-30T06:46:47.122+07:00  INFO 22519 --- [spring-boot-cqrs-demo] [restartedMain] .e.DevToolsPropertyDefaultsPostProcessor : Devtools property defaults active! Set 'spring.devtools.add-properties' to 'false' to disable
2024-04-30T06:46:47.122+07:00  INFO 22519 --- [spring-boot-cqrs-demo] [restartedMain] .e.DevToolsPropertyDefaultsPostProcessor : For additional web related logging consider setting the 'logging.level.web' property to 'DEBUG'
2024-04-30T06:46:47.130+07:00  INFO 22519 --- [spring-boot-cqrs-demo] [restartedMain] .s.b.d.c.l.DockerComposeLifecycleManager : Using Docker Compose file '/Users/hendisantika/IdeaProjects/spring-boot-cqrs-demo/compose.yaml'
2024-04-30T06:46:47.802+07:00  INFO 22519 --- [spring-boot-cqrs-demo] [OutputReader-stderr] o.s.boot.docker.compose.core.DockerCli   :  Container spring-boot-cqrs-demo-postgres-1  Starting
2024-04-30T06:46:47.961+07:00  INFO 22519 --- [spring-boot-cqrs-demo] [OutputReader-stderr] o.s.boot.docker.compose.core.DockerCli   :  Container spring-boot-cqrs-demo-postgres-1  Started
2024-04-30T06:46:47.962+07:00  INFO 22519 --- [spring-boot-cqrs-demo] [OutputReader-stderr] o.s.boot.docker.compose.core.DockerCli   :  Container spring-boot-cqrs-demo-postgres-1  Waiting
2024-04-30T06:46:48.471+07:00  INFO 22519 --- [spring-boot-cqrs-demo] [OutputReader-stderr] o.s.boot.docker.compose.core.DockerCli   :  Container spring-boot-cqrs-demo-postgres-1  Healthy
2024-04-30T06:46:52.157+07:00  INFO 22519 --- [spring-boot-cqrs-demo] [restartedMain] .s.d.r.c.RepositoryConfigurationDelegate : Bootstrapping Spring Data JPA repositories in DEFAULT mode.
2024-04-30T06:46:52.169+07:00  INFO 22519 --- [spring-boot-cqrs-demo] [restartedMain] .s.d.r.c.RepositoryConfigurationDelegate : Finished Spring Data repository scanning in 7 ms. Found 0 JPA repository interfaces.
2024-04-30T06:46:52.388+07:00  INFO 22519 --- [spring-boot-cqrs-demo] [restartedMain] o.s.b.w.embedded.tomcat.TomcatWebServer  : Tomcat initialized with port 8080 (http)
2024-04-30T06:46:52.395+07:00  INFO 22519 --- [spring-boot-cqrs-demo] [restartedMain] o.apache.catalina.core.StandardService   : Starting service [Tomcat]
2024-04-30T06:46:52.398+07:00  INFO 22519 --- [spring-boot-cqrs-demo] [restartedMain] o.apache.catalina.core.StandardEngine    : Starting Servlet engine: [Apache Tomcat/10.1.20]
2024-04-30T06:46:52.418+07:00  INFO 22519 --- [spring-boot-cqrs-demo] [restartedMain] o.a.c.c.C.[Tomcat].[localhost].[/]       : Initializing Spring embedded WebApplicationContext
2024-04-30T06:46:52.418+07:00  INFO 22519 --- [spring-boot-cqrs-demo] [restartedMain] w.s.c.ServletWebServerApplicationContext : Root WebApplicationContext: initialization completed in 558 ms
2024-04-30T06:46:52.482+07:00  INFO 22519 --- [spring-boot-cqrs-demo] [restartedMain] com.zaxxer.hikari.HikariDataSource       : HikariPool-1 - Starting...
2024-04-30T06:46:52.603+07:00  INFO 22519 --- [spring-boot-cqrs-demo] [restartedMain] com.zaxxer.hikari.pool.HikariPool        : HikariPool-1 - Added connection org.postgresql.jdbc.PgConnection@45a9ecb6
2024-04-30T06:46:52.604+07:00  INFO 22519 --- [spring-boot-cqrs-demo] [restartedMain] com.zaxxer.hikari.HikariDataSource       : HikariPool-1 - Start completed.
2024-04-30T06:46:52.778+07:00  INFO 22519 --- [spring-boot-cqrs-demo] [restartedMain] o.s.o.j.p.SpringPersistenceUnitInfo      : No LoadTimeWeaver setup: ignoring JPA class transformer
2024-04-30T06:46:53.175+07:00  INFO 22519 --- [spring-boot-cqrs-demo] [restartedMain] j.LocalContainerEntityManagerFactoryBean : Initialized JPA EntityManagerFactory for persistence unit 'default'
2024-04-30T06:46:53.228+07:00  WARN 22519 --- [spring-boot-cqrs-demo] [restartedMain] JpaBaseConfiguration$JpaWebConfiguration : spring.jpa.open-in-view is enabled by default. Therefore, database queries may be performed during view rendering. Explicitly configure spring.jpa.open-in-view to disable this warning
2024-04-30T06:46:53.382+07:00  INFO 22519 --- [spring-boot-cqrs-demo] [restartedMain] o.s.b.d.a.OptionalLiveReloadServer       : LiveReload server is running on port 35729
2024-04-30T06:46:53.399+07:00  INFO 22519 --- [spring-boot-cqrs-demo] [restartedMain] o.s.b.w.embedded.tomcat.TomcatWebServer  : Tomcat started on port 8080 (http) with context path ''
2024-04-30T06:46:53.404+07:00  INFO 22519 --- [spring-boot-cqrs-demo] [restartedMain] i.m.h.s.SpringBootCqrsDemoApplication    : Started SpringBootCqrsDemoApplication in 6.468 seconds (process running for 6.818)
